Local i2++ = 1100 ?  :    1100
Local i2++ =1101 ?  :    1101
Local i2 =1102 ?  :    1102
Local i2 =1102 ?  :    1102
 --------------------

Local i2-- = 1102 ?  :    1102
Local i2-- =1101 ?  :    1101
Local i2 =1100 ?  :    1100
Local i2 =1100 ?  :    1100
 --------------------

Local i3 init : = 8900 ?  :    8900
Local i3++ : = 8900 ?  :    8900
Local i3++ : = 8901 ?  :    8901
Local i3 : = 8902 ?  :    8902
Local i3 : = 8902 ?  :    8902
 --------------------

Global i1 init : = 5000 ?  :    5000
Global i1++ : = 5000 ?  :    5000
Global i1++ : = 5001 ?  :    5001
Global i1 : = 5002 ?  :    5002
 --------------------

Global i1 init : = 5002 ?  :    5002
Global i1-- : = 5002 ?  :    5002
Global i1-- : = 5001 ?  :    5001
Global i1 : = 5000 ?  :    5000
