Local i2 init: = 5178 ?  :    5178
Local ++i2 = 5179 ?  :    5179
Local i2 = 5179 ?  :    5179
Local i2 = 5179 ?  :    5179
 --------------------

Local i2 init: = 5179 ?  :    5179
Local --i2 = 5178 ?  :    5178
Local --i2 = 5177 ?  :    5177
Local i2 = 5177 ?  :    5177
 --------------------

Local i3 init : = 100 ?  :    100
Local ++i3 : = 101 ?  :    101
Local ++i3 : = 102 ?  :    102
Local i3 : = 102 ?  :    102
 --------------------

Global i1 init : = 5000 ?  :    5000
Global ++i1 : = 5001 ?  :    5001
Global ++i1 : = 5002 ?  :    5002
Global i1 : = 5002 ?  :    5002
 --------------------

Global i1 init : = 5002 ?  :    5002
Global --i1 : = 5001 ?  :    5001
Global --i1 : = 5000 ?  :    5000
Global --i1 : = 4999 ?  :    4999
